Using pre-set license
Built from '2020.3/release' branch; Version is '2020.3.1f1 (77a89f25062f) revision 7841951'; Using compiler version '192528614'; Build Type 'Release'
OS: 'Windows 10 Pro; OS build 19042.985; Version 2009; 64bit' Language: 'ko' Physical Memory: 8035 MB
BatchMode: 1, IsHumanControllingUs: 0, StartBugReporterOnCrash: 0, Is64bit: 1, IsPro: 0

 COMMAND LINE ARGUMENTS:
C:\Program Files\Unity\Hub\Editor\2020.3.1f1\Editor\Unity.exe
-adb2
-batchMode
-noUpm
-name
AssetImportWorker0
-projectPath
C:/Users/khjj2/OneDrive/바탕 화면/SanhakVR
-logFile
Logs/AssetImportWorker0.log
-srvPort
49903
Successfully changed project path to: C:/Users/khjj2/OneDrive/바탕 화면/SanhakVR
C:/Users/khjj2/OneDrive/바탕 화면/SanhakVR
Using Asset Import Pipeline V2.
Refreshing native plugins compatible for Editor in 67.67 ms, found 4 plugins.
Preloading 1 native plugins for Editor in 1.53 ms.
Initialize engine version: 2020.3.1f1 (77a89f25062f)
[Subsystems] Discovering subsystems at path C:/Program Files/Unity/Hub/Editor/2020.3.1f1/Editor/Data/Resources/UnitySubsystems
[Subsystems] Discovering subsystems at path C:/Users/khjj2/OneDrive/바탕 화면/SanhakVR/Assets
GfxDevice: creating device client; threaded=0
Direct3D:
    Version:  Direct3D 11.0 [level 11.1]
    Renderer: NVIDIA GeForce GTX 1050 Ti (ID=0x1c21)
    Vendor:   
    VRAM:     4012 MB
    Driver:   27.21.14.6172
Shader 'Universal Render Pipeline/Particles/Lit': fallback shader 'Universal Render Pipeline/Particles/SimpleLit' not found
Initialize mono
Mono path[0] = 'C:/Program Files/Unity/Hub/Editor/2020.3.1f1/Editor/Data/Managed'
Mono path[1] = 'C:/Program Files/Unity/Hub/Editor/2020.3.1f1/Editor/Data/MonoBleedingEdge/lib/mono/unityjit'
Mono config path = 'C:/Program Files/Unity/Hub/Editor/2020.3.1f1/Editor/Data/MonoBleedingEdge/etc'
Using monoOptions --debugger-agent=transport=dt_socket,embedding=1,server=y,suspend=n,address=127.0.0.1:56492
Begin MonoManager ReloadAssembly
Registering precompiled unity dll's ...
Register platform support module: C:/Program Files/Unity/Hub/Editor/2020.3.1f1/Editor/Data/PlaybackEngines/MacStandaloneSupport/UnityEditor.OSXStandalone.Extensions.dll
Register platform support module: C:/Program Files/Unity/Hub/Editor/2020.3.1f1/Editor/Data/PlaybackEngines/WindowsStandaloneSupport/UnityEditor.WindowsStandalone.Extensions.dll
Registered in 0.004727 seconds.
Native extension for WindowsStandalone target not found
Native extension for OSXStandalone target not found
Refreshing native plugins compatible for Editor in 61.10 ms, found 4 plugins.
Preloading 1 native plugins for Editor in 0.17 ms.
Invoked RoslynAnalysisRunner static constructor.
RoslynAnalysisRunner will not be running.
RoslynAnalysisRunner has terminated.
Mono: successfully reloaded assembly
- Completed reload, in  2.447 seconds
Platform modules already initialized, skipping
Registering precompiled user dll's ...
Registered in 0.005833 seconds.
Begin MonoManager ReloadAssembly
Native extension for WindowsStandalone target not found
Native extension for OSXStandalone target not found
Refreshing native plugins compatible for Editor in 70.28 ms, found 4 plugins.
Preloading 1 native plugins for Editor in 0.14 ms.
Invoked RoslynAnalysisRunner static constructor.
RoslynAnalysisRunner will not be running.
RoslynAnalysisRunner has terminated.
[XR] OculusXRPlugin: registering subsystems
[XR] Unable to register display lifecyle provider: [1]
[XR] Oculus Input lifecycle provider registered.
[XR] Unable to register input lifecyle provider: [1]
NullReferenceException: Object reference not set to an instance of an object
  at Unity.XR.Oculus.OculusLoader.AssetPathToAbsolutePath (System.String assetPath) [0x00048] in C:\Users\khjj2\OneDrive\바탕 화면\SanhakVR\Library\PackageCache\com.unity.xr.oculus@1.8.1\Runtime\OculusLoader.cs:243 
  at Unity.XR.Oculus.OculusLoader.EditorLoadOVRPlugin () [0x0007b] in C:\Users\khjj2\OneDrive\바탕 화면\SanhakVR\Library\PackageCache\com.unity.xr.oculus@1.8.1\Runtime\OculusLoader.cs:228 

(Filename: Library/PackageCache/com.unity.xr.oculus@1.8.1/Runtime/OculusLoader.cs Line: 243)

Mono: successfully reloaded assembly
- Completed reload, in  1.514 seconds
Platform modules already initialized, skipping
========================================================================
Worker process is ready to serve import requests
Shader 'Universal Render Pipeline/Particles/Lit': fallback shader 'Universal Render Pipeline/Particles/SimpleLit' not found
Launched and connected shader compiler UnityShaderCompiler.exe after 0.09 seconds
Refreshing native plugins compatible for Editor in 0.76 ms, found 4 plugins.
Preloading 1 native plugins for Editor in 0.14 ms.
Unloading 2940 Unused Serialized files (Serialized files now loaded: 0)
System memory in use before: 131.1 MB.
System memory in use after: 131.3 MB.

Unloading 13 unused Assets to reduce memory usage. Loaded Objects now: 3387.
Total: 2.800400 ms (FindLiveObjects: 0.443200 ms CreateObjectMapping: 0.238100 ms MarkObjects: 2.037100 ms  DeleteObjects: 0.080300 ms)

========================================================================
Received Import Request.
  path: Assets/Scenes/New Scene.unity
  artifactKey: Guid(2981dd364b4a24340873fd4f6b1746d1) Importer(815301076,1909f56bfc062723c751e8b465ee728b)
Start importing Assets/Scenes/New Scene.unity using Guid(2981dd364b4a24340873fd4f6b1746d1) Importer(815301076,1909f56bfc062723c751e8b465ee728b)  -> (artifact id: '4fae598846e3487f1820d6cef7af7da0') in 0.021332 seconds
  Import took 0.027250 seconds .

========================================================================
Received Import Request.
  Time since last request: 28.490751 seconds.
  path: Assets/Scenes/SampleScene.unity
  artifactKey: Guid(d1c3109bdb54ad54c8a2b2838528e640) Importer(815301076,1909f56bfc062723c751e8b465ee728b)
Start importing Assets/Scenes/SampleScene.unity using Guid(d1c3109bdb54ad54c8a2b2838528e640) Importer(815301076,1909f56bfc062723c751e8b465ee728b)  -> (artifact id: '8e401f077c1ba608c2f674f0316ee716') in 0.007554 seconds
  Import took 0.014929 seconds .

========================================================================
Received Prepare
Shader 'Universal Render Pipeline/Particles/Lit': fallback shader 'Universal Render Pipeline/Particles/SimpleLit' not found
Refreshing native plugins compatible for Editor in 1.70 ms, found 4 plugins.
Preloading 1 native plugins for Editor in 0.10 ms.
Unloading 4 Unused Serialized files (Serialized files now loaded: 0)
System memory in use before: 69.2 MB.
System memory in use after: 69.5 MB.

Unloading 3 unused Assets to reduce memory usage. Loaded Objects now: 3387.
Total: 4.229400 ms (FindLiveObjects: 0.382100 ms CreateObjectMapping: 0.219400 ms MarkObjects: 3.603700 ms  DeleteObjects: 0.022800 ms)

========================================================================
Received Import Request.
  Time since last request: 84.753141 seconds.
  path: Assets/Scenes/New Scene.unity
  artifactKey: Guid(2981dd364b4a24340873fd4f6b1746d1) Importer(815301076,1909f56bfc062723c751e8b465ee728b)
Start importing Assets/Scenes/New Scene.unity using Guid(2981dd364b4a24340873fd4f6b1746d1) Importer(815301076,1909f56bfc062723c751e8b465ee728b)  -> (artifact id: '0a491530c19371c942a0df759e134ead') in 0.011321 seconds
  Import took 0.018331 seconds .

========================================================================
Received Import Request.
  Time since last request: 12.690240 seconds.
  path: Assets/Scenes/SanhakVR.unity
  artifactKey: Guid(2981dd364b4a24340873fd4f6b1746d1) Importer(815301076,1909f56bfc062723c751e8b465ee728b)
Start importing Assets/Scenes/SanhakVR.unity using Guid(2981dd364b4a24340873fd4f6b1746d1) Importer(815301076,1909f56bfc062723c751e8b465ee728b)  -> (artifact id: '7ac0ad5afd6ecf675f2965edb6ad6114') in 0.011385 seconds
  Import took 0.020072 seconds .

AssetImportWorkerClient::OnTransportError - code=2 error=End of file
